<?xml version="1.0" encoding="UTF-8"?>
<!-- Generated by org.testng.reporters.JUnitXMLReporter -->
<testsuite hostname="joris-Latitude-E5570" ignored="0" tests="1" failures="1" timestamp="2021-01-26T17:18:44 CET" time="0.171" errors="0">
  <testcase name="feature" time="0.084" classname="BaseTest">
    <failure type="cucumber.runtime.CucumberException" message="java.lang.NullPointerException">
      <![CDATA[cucumber.runtime.CucumberException: java.lang.NullPointerException
at cucumber.api.testng.TestNGCucumberRunner.runCucumber(TestNGCucumberRunner.java:69)
at BaseTest.feature(BaseTest.java:31)
at java.util.ArrayList.forEach(ArrayList.java:1259)
Caused by: java.lang.NullPointerException
at SimpleTest.testClickOnLiveButton(SimpleTest.java:16)
at ✽.Then click on live button(src/test/feature/SimpleTest.feature:6)
... Removed 37 stack frames]]>
    </failure>
  </testcase> <!-- feature -->
</testsuite>
