<?xml version="1.0" encoding="UTF-8"?>
<testng-results skipped="0" failed="1" ignored="0" total="1" passed="0">
  <reporter-output>
  </reporter-output>
  <suite name="Command line suite" duration-ms="171" started-at="2021-01-26T17:18:44 CET" finished-at="2021-01-26T17:18:44 CET">
    <groups>
      <group name="Cucumber">
        <method signature="BaseTest.feature(cucumber.api.testng.CucumberFeatureWrapper)[pri:0, instance:SimpleTest@cb644e]" name="feature" class="BaseTest"/>
      </group> <!-- Cucumber -->
    </groups>
    <test name="Command line test" duration-ms="171" started-at="2021-01-26T17:18:44 CET" finished-at="2021-01-26T17:18:44 CET">
      <class name="SimpleTest">
        <test-method status="PASS" signature="setUp()[pri:0, instance:SimpleTest@cb644e]" name="setUp" is-config="true" duration-ms="9161" started-at="2021-01-26T17:18:34 CET" finished-at="2021-01-26T17:18:44 CET">
          <reporter-output>
          </reporter-output>
        </test-method> <!-- setUp -->
        <test-method status="PASS" signature="setUpClass()[pri:0, instance:SimpleTest@cb644e]" name="setUpClass" is-config="true" duration-ms="8" started-at="2021-01-26T17:18:44 CET" finished-at="2021-01-26T17:18:44 CET">
          <reporter-output>
          </reporter-output>
        </test-method> <!-- setUpClass -->
        <test-method status="FAIL" signature="feature(cucumber.api.testng.CucumberFeatureWrapper)[pri:0, instance:SimpleTest@cb644e]" name="feature" duration-ms="84" started-at="2021-01-26T17:18:44 CET" description="Runs Cucumber Feature" data-provider="features" finished-at="2021-01-26T17:18:44 CET">
          <params>
            <param index="0">
              <value>
                <![CDATA[Does the click on live button work?]]>
              </value>
            </param>
          </params>
          <exception class="cucumber.runtime.CucumberException">
            <message>
              <![CDATA[java.lang.NullPointerException]]>
            </message>
            <full-stacktrace>
              <![CDATA[cucumber.runtime.CucumberException: java.lang.NullPointerException
at cucumber.api.testng.TestNGCucumberRunner.runCucumber(TestNGCucumberRunner.java:69)
at BaseTest.feature(BaseTest.java:31)
at sun.reflect.NativeMethodAccessorImpl.invoke0(Native Method)
at sun.reflect.NativeMethodAccessorImpl.invoke(NativeMethodAccessorImpl.java:62)
at sun.reflect.DelegatingMethodAccessorImpl.invoke(DelegatingMethodAccessorImpl.java:43)
at java.lang.reflect.Method.invoke(Method.java:498)
at org.testng.internal.MethodInvocationHelper.invokeMethod(MethodInvocationHelper.java:133)
at org.testng.internal.TestInvoker.invokeMethod(TestInvoker.java:584)
at org.testng.internal.TestInvoker.invokeTestMethod(TestInvoker.java:172)
at org.testng.internal.MethodRunner.runInSequence(MethodRunner.java:46)
at org.testng.internal.TestInvoker$MethodInvocationAgent.invoke(TestInvoker.java:804)
at org.testng.internal.TestInvoker.invokeTestMethods(TestInvoker.java:145)
at org.testng.internal.TestMethodWorker.invokeTestMethods(TestMethodWorker.java:146)
at org.testng.internal.TestMethodWorker.run(TestMethodWorker.java:128)
at java.util.ArrayList.forEach(ArrayList.java:1259)
at org.testng.TestRunner.privateRun(TestRunner.java:770)
at org.testng.TestRunner.run(TestRunner.java:591)
at org.testng.SuiteRunner.runTest(SuiteRunner.java:402)
at org.testng.SuiteRunner.runSequentially(SuiteRunner.java:396)
at org.testng.SuiteRunner.privateRun(SuiteRunner.java:355)
at org.testng.SuiteRunner.run(SuiteRunner.java:304)
at org.testng.SuiteRunnerWorker.runSuite(SuiteRunnerWorker.java:53)
at org.testng.SuiteRunnerWorker.run(SuiteRunnerWorker.java:96)
at org.testng.TestNG.runSuitesSequentially(TestNG.java:1180)
at org.testng.TestNG.runSuitesLocally(TestNG.java:1102)
at org.testng.TestNG.runSuites(TestNG.java:1032)
at org.testng.TestNG.run(TestNG.java:1000)
at org.apache.maven.surefire.testng.TestNGExecutor.run(TestNGExecutor.java:77)
at org.apache.maven.surefire.testng.TestNGDirectoryTestSuite.executeMulti(TestNGDirectoryTestSuite.java:159)
at org.apache.maven.surefire.testng.TestNGDirectoryTestSuite.execute(TestNGDirectoryTestSuite.java:99)
at org.apache.maven.surefire.testng.TestNGProvider.invoke(TestNGProvider.java:106)
at sun.reflect.NativeMethodAccessorImpl.invoke0(Native Method)
at sun.reflect.NativeMethodAccessorImpl.invoke(NativeMethodAccessorImpl.java:62)
at sun.reflect.DelegatingMethodAccessorImpl.invoke(DelegatingMethodAccessorImpl.java:43)
at java.lang.reflect.Method.invoke(Method.java:498)
at org.apache.maven.surefire.util.ReflectionUtils.invokeMethodWithArray(ReflectionUtils.java:189)
at org.apache.maven.surefire.booter.ProviderFactory$ProviderProxy.invoke(ProviderFactory.java:165)
at org.apache.maven.surefire.booter.ProviderFactory.invokeProvider(ProviderFactory.java:85)
at org.apache.maven.surefire.booter.ForkedBooter.runSuitesInProcess(ForkedBooter.java:115)
at org.apache.maven.surefire.booter.ForkedBooter.main(ForkedBooter.java:75)
Caused by: java.lang.NullPointerException
at SimpleTest.testClickOnLiveButton(SimpleTest.java:16)
at ✽.Then click on live button(src/test/feature/SimpleTest.feature:6)
]]>
            </full-stacktrace>
          </exception> <!-- cucumber.runtime.CucumberException -->
          <reporter-output>
          </reporter-output>
        </test-method> <!-- feature -->
        <test-method status="PASS" signature="tearDownClass()[pri:0, instance:SimpleTest@cb644e]" name="tearDownClass" is-config="true" duration-ms="2" started-at="2021-01-26T17:18:44 CET" finished-at="2021-01-26T17:18:44 CET">
          <reporter-output>
          </reporter-output>
        </test-method> <!-- tearDownClass -->
        <test-method status="PASS" signature="tearDown()[pri:0, instance:SimpleTest@cb644e]" name="tearDown" is-config="true" duration-ms="542" started-at="2021-01-26T17:18:44 CET" finished-at="2021-01-26T17:18:44 CET">
          <reporter-output>
          </reporter-output>
        </test-method> <!-- tearDown -->
      </class> <!-- SimpleTest -->
    </test> <!-- Command line test -->
  </suite> <!-- Command line suite -->
</testng-results>
